#
# There is insufficient memory for the Java Runtime Environment to continue.
# Native memory allocation (malloc) failed to allocate 1048576 bytes for AllocateHeap
# Possible reasons:
#   The system is out of physical RAM or swap space
#   In 32 bit mode, the process size limit was hit
# Possible solutions:
#   Reduce memory load on the system
#   Increase physical memory or swap space
#   Check if swap backing store is full
#   Use 64 bit Java on a 64 bit OS
#   Decrease Java heap size (-Xmx/-Xms)
#   Decrease number of Java threads
#   Decrease Java thread stack sizes (-Xss)
#   Set larger code cache with -XX:ReservedCodeCacheSize=
# This output file may be truncated or incomplete.
#
#  Out of Memory Error (memory/allocation.inline.hpp:61), pid=13816, tid=0x0000000000007144
#
# JRE version:  (8.0_172-b11) (build )
# Java VM: Java HotSpot(TM) 64-Bit Server VM (25.172-b11 mixed mode windows-amd64 compressed oops)
# Failed to write core dump. Minidumps are not enabled by default on client versions of Windows
#

---------------  T H R E A D  ---------------

Current thread (0x0000000003724000):  JavaThread "Unknown thread" [_thread_in_vm, id=28996, stack(0x0000000003470000,0x0000000003570000)]

Stack: [0x0000000003470000,0x0000000003570000]
[error occurred during error reporting (printing stack bounds), id 0xc0000005]

Native frames: (J=compiled Java code, j=interpreted, Vv=VM code, C=native code)


---------------  P R O C E S S  ---------------

Java Threads: ( => current thread )

Other Threads:

=>0x0000000003724000 (exited) JavaThread "Unknown thread" [_thread_in_vm, id=28996, stack(0x0000000003470000,0x0000000003570000)]

VM state:not at safepoint (normal execution)

VM Mutex/Monitor currently owned by a thread: None

Heap:
 PSYoungGen      total 76288K, used 1310K [0x000000076b300000, 0x0000000770800000, 0x00000007c0000000)
  eden space 65536K, 2% used [0x000000076b300000,0x000000076b447af0,0x000000076f300000)
  from space 10752K, 0% used [0x000000076fd80000,0x000000076fd80000,0x0000000770800000)
  to   space 10752K, 0% used [0x000000076f300000,0x000000076f300000,0x000000076fd80000)
 ParOldGen       total 175104K, used 0K [0x00000006c1800000, 0x00000006cc300000, 0x000000076b300000)
  object space 175104K, 0% used [0x00000006c1800000,0x00000006c1800000,0x00000006cc300000)
 Metaspace       used 775K, capacity 4480K, committed 4480K, reserved 1056768K
  class space    used 76K, capacity 384K, committed 384K, reserved 1048576K

Card table byte_map: [0x0000000012be0000,0x00000000133e0000] byte_map_base: 0x000000000f5d4000

Marking Bits: (ParMarkBitMap*) 0x0000000075683c10
 Begin Bits: [0x0000000014130000, 0x00000000180d0000)
 End Bits:   [0x00000000180d0000, 0x000000001c070000)

Polling page: 0x0000000001380000

CodeCache: size=245760Kb used=328Kb max_used=328Kb free=245431Kb
 bounds [0x0000000003820000, 0x0000000003a90000, 0x0000000012820000]
 total_blobs=58 nmethods=0 adapters=38
 compilation: enabled

Compilation events (0 events):
No events

GC Heap History (0 events):
No events

Deoptimization events (0 events):
No events

Classes redefined (0 events):
No events

Internal exceptions (0 events):
No events

Events (10 events):
Event: 0.042 loading class java/lang/Short
Event: 0.042 loading class java/lang/Short done
Event: 0.042 loading class java/lang/Integer
Event: 0.042 loading class java/lang/Integer done
Event: 0.042 loading class java/lang/Long
Event: 0.042 loading class java/lang/Long done
Event: 0.043 loading class java/lang/NullPointerException
Event: 0.043 loading class java/lang/NullPointerException done
Event: 0.043 loading class java/lang/ArithmeticException
Event: 0.043 loading class java/lang/ArithmeticException done


Dynamic libraries:
0x00007ff7fce50000 - 0x00007ff7fce87000 	D:\Program\Java\jdk1.8.0_172\bin\java.exe
0x00007ffff2300000 - 0x00007ffff24ed000 	C:\WINDOWS\SYSTEM32\ntdll.dll
0x00007fffef6c0000 - 0x00007fffef773000 	C:\WINDOWS\System32\KERNEL32.DLL
0x00007fffee760000 - 0x00007fffee9f3000 	C:\WINDOWS\System32\KERNELBASE.dll
0x00007ffff0340000 - 0x00007ffff03e3000 	C:\WINDOWS\System32\ADVAPI32.dll
0x00007fffefbc0000 - 0x00007fffefc5e000 	C:\WINDOWS\System32\msvcrt.dll
0x00007fffefcc0000 - 0x00007fffefd5e000 	C:\WINDOWS\System32\sechost.dll
0x00007ffff2140000 - 0x00007ffff2262000 	C:\WINDOWS\System32\RPCRT4.dll
0x00007ffff00f0000 - 0x00007ffff0287000 	C:\WINDOWS\System32\USER32.dll
0x00007fffeeba0000 - 0x00007fffeebc0000 	C:\WINDOWS\System32\win32u.dll
0x00007fffef690000 - 0x00007fffef6b9000 	C:\WINDOWS\System32\GDI32.dll
0x00007fffef390000 - 0x00007fffef52a000 	C:\WINDOWS\System32\gdi32full.dll
0x00007fffeea00000 - 0x00007fffeeaa0000 	C:\WINDOWS\System32\msvcp_win.dll
0x00007fffee610000 - 0x00007fffee70a000 	C:\WINDOWS\System32\ucrtbase.dll
0x00007fffda590000 - 0x00007fffda809000 	C:\WINDOWS\WinSxS\amd64_microsoft.windows.common-controls_6595b64144ccf1df_6.0.17763.475_none_05b43ca607202c6c\COMCTL32.dll
0x00007fffef890000 - 0x00007fffefbbc000 	C:\WINDOWS\System32\combase.dll
0x00007fffef310000 - 0x00007fffef38e000 	C:\WINDOWS\System32\bcryptPrimitives.dll
0x00007fffef660000 - 0x00007fffef68e000 	C:\WINDOWS\System32\IMM32.DLL
0x0000000076810000 - 0x00000000768e2000 	D:\Program\Java\jdk1.8.0_172\jre\bin\msvcr100.dll
0x0000000074e60000 - 0x0000000075703000 	D:\Program\Java\jdk1.8.0_172\jre\bin\server\jvm.dll
0x00007ffff0ab0000 - 0x00007ffff0ab8000 	C:\WINDOWS\System32\PSAPI.DLL
0x00007fffe3900000 - 0x00007fffe390a000 	C:\WINDOWS\SYSTEM32\VERSION.dll
0x00007fffebf20000 - 0x00007fffebf44000 	C:\WINDOWS\SYSTEM32\WINMM.dll
0x00007fffdead0000 - 0x00007fffdead9000 	C:\WINDOWS\SYSTEM32\WSOCK32.dll
0x00007fffeff10000 - 0x00007fffeff7d000 	C:\WINDOWS\System32\WS2_32.dll
0x00007fffebef0000 - 0x00007fffebf1d000 	C:\WINDOWS\SYSTEM32\WINMMBASE.dll
0x00007fffee710000 - 0x00007fffee75a000 	C:\WINDOWS\System32\cfgmgr32.dll
0x00000000501c0000 - 0x00000000501cf000 	D:\Program\Java\jdk1.8.0_172\jre\bin\verify.dll
0x00000000767e0000 - 0x0000000076809000 	D:\Program\Java\jdk1.8.0_172\jre\bin\java.dll
0x0000000076790000 - 0x00000000767b3000 	D:\Program\Java\jdk1.8.0_172\jre\bin\instrument.dll
0x00000000767c0000 - 0x00000000767d6000 	D:\Program\Java\jdk1.8.0_172\jre\bin\zip.dll

VM Arguments:
jvm_args: -javaagent:D:\Program Files (x86)\JetBrains\IntelliJ IDEA 2018.1.6\lib\idea_rt.jar=52755:D:\Program Files (x86)\JetBrains\IntelliJ IDEA 2018.1.6\bin -Dfile.encoding=UTF-8 
java_command: demo.TestSocketServer
java_class_path (initial): D:\Program\Java\jdk1.8.0_172\jre\lib\charsets.jar;D:\Program\Java\jdk1.8.0_172\jre\lib\deploy.jar;D:\Program\Java\jdk1.8.0_172\jre\lib\ext\access-bridge-64.jar;D:\Program\Java\jdk1.8.0_172\jre\lib\ext\cldrdata.jar;D:\Program\Java\jdk1.8.0_172\jre\lib\ext\dnsns.jar;D:\Program\Java\jdk1.8.0_172\jre\lib\ext\jaccess.jar;D:\Program\Java\jdk1.8.0_172\jre\lib\ext\jfxrt.jar;D:\Program\Java\jdk1.8.0_172\jre\lib\ext\localedata.jar;D:\Program\Java\jdk1.8.0_172\jre\lib\ext\nashorn.jar;D:\Program\Java\jdk1.8.0_172\jre\lib\ext\sunec.jar;D:\Program\Java\jdk1.8.0_172\jre\lib\ext\sunjce_provider.jar;D:\Program\Java\jdk1.8.0_172\jre\lib\ext\sunmscapi.jar;D:\Program\Java\jdk1.8.0_172\jre\lib\ext\sunpkcs11.jar;D:\Program\Java\jdk1.8.0_172\jre\lib\ext\zipfs.jar;D:\Program\Java\jdk1.8.0_172\jre\lib\javaws.jar;D:\Program\Java\jdk1.8.0_172\jre\lib\jce.jar;D:\Program\Java\jdk1.8.0_172\jre\lib\jfr.jar;D:\Program\Java\jdk1.8.0_172\jre\lib\jfxswt.jar;D:\Program\Java\jdk1.8.0_172\jre\lib\jsse.jar;D:\Program\Java\jdk1.8.0_172\jre\lib\management-agent.jar;D:\Program\Java\jdk1.8.0_172\jre\lib\plugin.jar;D:\Program\Java\jdk1.8.0_172\jre\lib\resources.jar;D:\Program\Java\jdk1.8.0_172\jre\lib\rt.jar;D:\Program Files (x86)\Workspaces\Git\Mipha\target\classes;C:\Users\Administrator\.m2\repository\org\springframework\spring-web\5.1.2.RELEASE\spring-web-5.1.2.RELEASE.jar;C:\Users\Administrator\.m2\repository\org\springframework\spring-beans\5.1.2.RELEASE\spring-beans-5.1.2.RELEASE.jar;C:\Users\Administrator\.m2\repository\org\springframework\spring-core\5.1.2.RELEASE\spring-core-5.1.2.RELEASE.jar;C:\Users\Administrator\.m2\repository\org\springframework\spring-jcl\5.1.2.RELEASE\spring-jcl-5.1.2.RELEASE.jar;C:\Users\Administrator\.m2\repository\org\springframework\spring-context\5.1.2.RELEASE\spring-context-5.1.2.RELEASE.jar;C:\Users\Administrator\.m2\repository\org\springframework\spring-aop\5.1.2.RELEASE\spring-aop-5.1.2.RELEASE.jar;C:\Users\Administrator\.m2\repository\org\
Launcher Type: SUN_STANDARD

Environment Variables:
JAVA_HOME=D:\Program\Java\jdk1.8.0_172
CLASSPATH=D:\Program Files (x86)\IBM\WebSphere MQ\java\lib\com.ibm.mqjms.jar;D:\Program Files (x86)\IBM\WebSphere MQ\java\lib\com.ibm.mq.jar;D:\Program\Java\jdk1.8.0_172\lib;D:\Program\Java\apache-ant-1.9.13\lib;
PATH=C:\Program Files (x86)\Common Files\Oracle\Java\javapath;D:\Program Files (x86)\IBM\WebSphere MQ\java\lib;D:\Program Files (x86)\IBM\WebSphere MQ\java\lib64;D:\Program Files (x86)\VanDyke Software\Clients\;D:\Program\Oracle\product\11.2.0\dbhome_1\bin;C:\WINDOWS\system32;C:\WINDOWS;C:\WINDOWS\System32\Wbem;C:\WINDOWS\System32\WindowsPowerShell\v1.0\;C:\WINDOWS\System32\OpenSSH\;D:\Program\Java\jdk1.8.0_172;D:\Program\Java\jdk1.8.0_172\bin;D:\Program Files (x86)\mysql-5.7.22-winx64\bin;D:\Program Files (x86)\VisualSVN Server\bin;D:\Program Files (x86)\TortoiseSVN\bin;D:\Program Files (x86)\Git\cmd;D:\Program Files (x86)\IBM\WebSphere MQ\bin64;D:\Program Files (x86)\IBM\WebSphere MQ\bin;D:\Program Files (x86)\IBM\WebSphere MQ\tools\c\samples\bin;D:\Program Files (x86)\Java\apache-maven-3.3.9\bin;D:\Program\Java\apache-ant-1.9.13\bin;D:\Program Files (x86)\UltraEdit;C:\Users\Administrator\AppData\Local\Microsoft\WindowsApps;C:\Users\Administrator\AppData\Local\GitHubDesktop\bin;C:\Users\Administrator\AppData\Local\Microsoft\WindowsApps;
USERNAME=Administrator
OS=Windows_NT
PROCESSOR_IDENTIFIER=Intel64 Family 6 Model 158 Stepping 9, GenuineIntel



---------------  S Y S T E M  ---------------

OS: Windows 10.0 , 64 bit Build 17763 (10.0.17763.475)

CPU:total 8 (initial active 8) (4 cores per cpu, 2 threads per core) family 6 model 158 stepping 9, cmov, cx8, fxsr, mmx, sse, sse2, sse3, ssse3, sse4.1, sse4.2, popcnt, avx, avx2, aes, clmul, erms, 3dnowpref, lzcnt, ht, tsc, tscinvbit, bmi1, bmi2, adx

Memory: 4k page, physical 16677092k(4765956k free), swap 47782264k(4748k free)

vm_info: Java HotSpot(TM) 64-Bit Server VM (25.172-b11) for windows-amd64 JRE (1.8.0_172-b11), built on Mar 28 2018 21:21:52 by "java_re" with MS VC++ 10.0 (VS2010)

time: Thu Jul 04 10:18:46 2019
elapsed time: 0 seconds (0d 0h 0m 0s)

